009 SITE3 T1 START -
010 SITE3 T1 UPDATE C 300 350
011 SITE3 T1 PREPARE -
012 SITE3 T1 COMMIT -

020 SITE3 T2 START -
021 SITE3 T2 PREPARE -

028 SITE3 T3 START -
029 SITE3 T3 PREPARE -

039 SITE3 T4 START -
040 SITE3 T4 UPDATE G 700 750
041 SITE3 T4 PREPARE -

046 SITE3 T5 START -

057 SITE3 T6 START -
058 SITE3 T6 PREPARE -

068 SITE3 T7 START -
069 SITE3 T7 UPDATE L 1200 1250
070 SITE3 T7 PREPARE -

080 SITE3 T8 START -
081 SITE3 T8 UPDATE O 1500 1550
082 SITE3 T8 PREPARE -

092 SITE3 T9 START -
093 SITE3 T9 PREPARE -

104 SITE3 T10 START -
105 SITE3 T10 PREPARE -
106 SITE3 T10 COMMIT -

115 SITE3 T11 START -
116 SITE3 T11 UPDATE R 1850 1880
117 SITE3 T11 PREPARE -
118 SITE3 T11 COMMIT -

126 SITE3 T12 START -
127 SITE3 T12 UPDATE T 2200 2300
128 SITE3 T12 PREPARE -
129 SITE3 T12 ABORT -

138 SITE3 T13 START -
139 SITE3 T13 PREPARE -
