001 SITE1 T1 START -
002 SITE1 T1 UPDATE A 100 150
003 SITE1 T1 PREPARE -
004 SITE1 T1 COMMIT -
013 SITE1 T2 START -
014 SITE1 T2 UPDATE D 400 450
015 SITE1 T2 PREPARE -
023 SITE1 T3 START -
024 SITE1 T3 UPDATE F 600 650
025 SITE1 T3 PREPARE -
033 SITE1 T4 START -
034 SITE1 T4 PREPARE -
035 SITE1 T4 COMMIT -
043 SITE1 T5 START -
044 SITE1 T5 UPDATE H 800 999
050 SITE1 T6 START -
051 SITE1 T6 UPDATE I 900 950
052 SITE1 T6 PREPARE -
053 SITE1 T6 COMMIT -
063 SITE1 T7 START -
064 SITE1 T7 UPDATE K 1100 1150
065 SITE1 T7 PREPARE -
073 SITE1 T8 START -
074 SITE1 T8 UPDATE M 1300 1350
075 SITE1 T8 PREPARE -
076 SITE1 T8 COMMIT -
086 SITE1 T9 START -
087 SITE1 T9 UPDATE P 1600 1650
088 SITE1 T9 PREPARE -
089 SITE1 T9 ABORT -
098 SITE1 T10 START -
099 SITE1 T10 PREPARE -
100 SITE1 T10 COMMIT -
107 SITE1 T11 START -
108 SITE1 T11 UPDATE R 1800 1850
109 SITE1 T11 PREPARE -
110 SITE1 T11 COMMIT -
120 SITE1 T12 START -
121 SITE1 T12 UPDATE T 2000 2100
122 SITE1 T12 PREPARE -
130 SITE1 T13 START -
131 SITE1 T13 UPDATE U 2100 2150
132 SITE1 T13 PREPARE -
140 SITE1 T12 ABORT -
141 SITE1 T13 ABORT -
142 SITE1 T2 ABORT -
143 SITE1 T3 ABORT -
144 SITE1 T5 ABORT -
145 SITE1 T7 ABORT -
