005 SITE2 T1 START -
006 SITE2 T1 UPDATE B 200 250
007 SITE2 T1 PREPARE -
008 SITE2 T1 COMMIT -
016 SITE2 T2 START -
017 SITE2 T2 UPDATE E 500 550
018 SITE2 T2 PREPARE -
019 SITE2 T2 ABORT -
026 SITE2 T3 START -
027 SITE2 T3 PREPARE -
036 SITE2 T4 START -
037 SITE2 T4 PREPARE -
038 SITE2 T4 COMMIT -
045 SITE2 T5 START -
054 SITE2 T6 START -
055 SITE2 T6 UPDATE J 1000 1050
056 SITE2 T6 PREPARE -
066 SITE2 T7 START -
067 SITE2 T7 ABORT -
077 SITE2 T8 START -
078 SITE2 T8 UPDATE N 1400 1450
079 SITE2 T8 PREPARE -
090 SITE2 T9 START -
091 SITE2 T9 UPDATE Q 1700 1750
101 SITE2 T10 START -
102 SITE2 T10 PREPARE -
103 SITE2 T10 COMMIT -
111 SITE2 T11 START -
112 SITE2 T11 UPDATE S 1900 1950
113 SITE2 T11 PREPARE -
114 SITE2 T11 COMMIT -
123 SITE2 T12 START -
124 SITE2 T12 UPDATE T 2100 2200
125 SITE2 T12 PREPARE -
134 SITE2 T13 START -
135 SITE2 T13 UPDATE V 2200 2250
136 SITE2 T13 PREPARE -
137 SITE2 T13 ABORT -
146 SITE2 T12 ABORT -
147 SITE2 T3 ABORT -
148 SITE2 T5 ABORT -
149 SITE2 T6 COMMIT -
150 SITE2 T8 COMMIT -
151 SITE2 T9 ABORT -
